{"/home/runner/work/jsonormalize/jsonormalize/src/create-relational-structure/create-foreign-key.ts": {"path":"/home/runner/work/jsonormalize/jsonormalize/src/create-relational-structure/create-foreign-key.ts","statementMap":{"0":{"start":{"line":7,"column":2},"end":{"line":7,"column":null}}},"fnMap":{"0":{"name":"createForeignKey","decl":{"start":{"line":3,"column":16},"end":{"line":3,"column":null}},"loc":{"start":{"line":6,"column":27},"end":{"line":8,"column":null}},"line":6}},"branchMap":{},"s":{"0":18},"f":{"0":18},"b":{},"meta":{"lastBranch":0,"lastFunction":1,"lastStatement":1,"seen":{"f:3:16:3:Infinity":0,"s:7:2:7:Infinity":0}}}
,"/home/runner/work/jsonormalize/jsonormalize/src/create-relational-structure/create-relational-structure.ts": {"path":"/home/runner/work/jsonormalize/jsonormalize/src/create-relational-structure/create-relational-structure.ts","statementMap":{"0":{"start":{"line":12,"column":37},"end":{"line":12,"column":null}},"1":{"start":{"line":13,"column":49},"end":{"line":13,"column":null}},"2":{"start":{"line":14,"column":60},"end":{"line":14,"column":null}},"3":{"start":{"line":15,"column":50},"end":{"line":15,"column":null}},"4":{"start":{"line":16,"column":54},"end":{"line":16,"column":null}},"5":{"start":{"line":18,"column":2},"end":{"line":22,"column":null}},"6":{"start":{"line":23,"column":2},"end":{"line":29,"column":null}},"7":{"start":{"line":24,"column":4},"end":{"line":28,"column":null}},"8":{"start":{"line":31,"column":15},"end":{"line":31,"column":null}},"9":{"start":{"line":31,"column":41},"end":{"line":31,"column":57}},"10":{"start":{"line":33,"column":2},"end":{"line":58,"column":null}},"11":{"start":{"line":34,"column":4},"end":{"line":57,"column":null}},"12":{"start":{"line":35,"column":20},"end":{"line":35,"column":null}},"13":{"start":{"line":36,"column":6},"end":{"line":56,"column":null}},"14":{"start":{"line":37,"column":8},"end":{"line":39,"column":null}},"15":{"start":{"line":38,"column":10},"end":{"line":38,"column":null}},"16":{"start":{"line":40,"column":32},"end":{"line":40,"column":null}},"17":{"start":{"line":41,"column":8},"end":{"line":43,"column":null}},"18":{"start":{"line":42,"column":10},"end":{"line":42,"column":null}},"19":{"start":{"line":45,"column":8},"end":{"line":51,"column":null}},"20":{"start":{"line":46,"column":10},"end":{"line":46,"column":null}},"21":{"start":{"line":48,"column":10},"end":{"line":50,"column":null}},"22":{"start":{"line":49,"column":12},"end":{"line":49,"column":null}},"23":{"start":{"line":52,"column":8},"end":{"line":55,"column":null}},"24":{"start":{"line":60,"column":2},"end":{"line":69,"column":null}},"25":{"start":{"line":61,"column":58},"end":{"line":61,"column":null}},"26":{"start":{"line":62,"column":4},"end":{"line":67,"column":null}},"27":{"start":{"line":63,"column":6},"end":{"line":65,"column":null}},"28":{"start":{"line":64,"column":8},"end":{"line":64,"column":null}},"29":{"start":{"line":66,"column":6},"end":{"line":66,"column":null}},"30":{"start":{"line":68,"column":4},"end":{"line":68,"column":null}},"31":{"start":{"line":71,"column":2},"end":{"line":71,"column":null}},"32":{"start":{"line":73,"column":2},"end":{"line":80,"column":null}},"33":{"start":{"line":74,"column":23},"end":{"line":74,"column":null}},"34":{"start":{"line":75,"column":4},"end":{"line":79,"column":null}},"35":{"start":{"line":82,"column":43},"end":{"line":86,"column":null}},"36":{"start":{"line":88,"column":33},"end":{"line":96,"column":null}},"37":{"start":{"line":90,"column":6},"end":{"line":94,"column":null}},"38":{"start":{"line":98,"column":2},"end":{"line":98,"column":null}}},"fnMap":{"0":{"name":"createRelationalStructure","decl":{"start":{"line":7,"column":16},"end":{"line":7,"column":null}},"loc":{"start":{"line":11,"column":21},"end":{"line":99,"column":null}},"line":11},"1":{"name":"(anonymous_1)","decl":{"start":{"line":31,"column":32},"end":{"line":31,"column":33}},"loc":{"start":{"line":31,"column":41},"end":{"line":31,"column":57}},"line":31},"2":{"name":"(anonymous_2)","decl":{"start":{"line":33,"column":15},"end":{"line":33,"column":16}},"loc":{"start":{"line":33,"column":45},"end":{"line":58,"column":3}},"line":33},"3":{"name":"(anonymous_3)","decl":{"start":{"line":41,"column":22},"end":{"line":41,"column":23}},"loc":{"start":{"line":42,"column":10},"end":{"line":42,"column":null}},"line":42},"4":{"name":"(anonymous_4)","decl":{"start":{"line":60,"column":15},"end":{"line":60,"column":16}},"loc":{"start":{"line":60,"column":38},"end":{"line":69,"column":3}},"line":60},"5":{"name":"(anonymous_5)","decl":{"start":{"line":89,"column":9},"end":{"line":89,"column":10}},"loc":{"start":{"line":90,"column":6},"end":{"line":94,"column":null}},"line":90}},"branchMap":{"0":{"loc":{"start":{"line":23,"column":2},"end":{"line":29,"column":null}},"type":"if","locations":[{"start":{"line":23,"column":2},"end":{"line":29,"column":null}},{"start":{},"end":{}}],"line":23},"1":{"loc":{"start":{"line":36,"column":6},"end":{"line":56,"column":null}},"type":"if","locations":[{"start":{"line":36,"column":6},"end":{"line":56,"column":null}},{"start":{"line":44,"column":13},"end":{"line":56,"column":null}}],"line":36},"2":{"loc":{"start":{"line":37,"column":8},"end":{"line":39,"column":null}},"type":"if","locations":[{"start":{"line":37,"column":8},"end":{"line":39,"column":null}},{"start":{},"end":{}}],"line":37},"3":{"loc":{"start":{"line":48,"column":10},"end":{"line":50,"column":null}},"type":"if","locations":[{"start":{"line":48,"column":10},"end":{"line":50,"column":null}},{"start":{},"end":{}}],"line":48},"4":{"loc":{"start":{"line":63,"column":6},"end":{"line":65,"column":null}},"type":"if","locations":[{"start":{"line":63,"column":6},"end":{"line":65,"column":null}},{"start":{},"end":{}}],"line":63},"5":{"loc":{"start":{"line":78,"column":10},"end":{"line":78,"column":null}},"type":"cond-expr","locations":[{"start":{"line":78,"column":23},"end":{"line":78,"column":40}},{"start":{"line":78,"column":40},"end":{"line":78,"column":null}}],"line":78}},"s":{"0":48,"1":48,"2":48,"3":48,"4":48,"5":48,"6":48,"7":17,"8":48,"9":117,"10":48,"11":117,"12":204,"13":204,"14":30,"15":17,"16":30,"17":30,"18":55,"19":174,"20":174,"21":10,"22":0,"23":174,"24":48,"25":117,"26":117,"27":198,"28":30,"29":168,"30":117,"31":48,"32":48,"33":39,"34":39,"35":48,"36":48,"37":17,"38":48},"f":{"0":48,"1":117,"2":117,"3":55,"4":117,"5":17},"b":{"0":[17,31],"1":[30,174],"2":[17,13],"3":[0,10],"4":[30,168],"5":[10,29]},"meta":{"lastBranch":6,"lastFunction":6,"lastStatement":39,"seen":{"f:7:16:7:Infinity":0,"s:12:37:12:Infinity":0,"s:13:49:13:Infinity":1,"s:14:60:14:Infinity":2,"s:15:50:15:Infinity":3,"s:16:54:16:Infinity":4,"s:18:2:22:Infinity":5,"b:23:2:29:Infinity:undefined:undefined:undefined:undefined":0,"s:23:2:29:Infinity":6,"s:24:4:28:Infinity":7,"s:31:15:31:Infinity":8,"f:31:32:31:33":1,"s:31:41:31:57":9,"s:33:2:58:Infinity":10,"f:33:15:33:16":2,"s:34:4:57:Infinity":11,"s:35:20:35:Infinity":12,"b:36:6:56:Infinity:44:13:56:Infinity":1,"s:36:6:56:Infinity":13,"b:37:8:39:Infinity:undefined:undefined:undefined:undefined":2,"s:37:8:39:Infinity":14,"s:38:10:38:Infinity":15,"s:40:32:40:Infinity":16,"s:41:8:43:Infinity":17,"f:41:22:41:23":3,"s:42:10:42:Infinity":18,"s:45:8:51:Infinity":19,"s:46:10:46:Infinity":20,"b:48:10:50:Infinity:undefined:undefined:undefined:undefined":3,"s:48:10:50:Infinity":21,"s:49:12:49:Infinity":22,"s:52:8:55:Infinity":23,"s:60:2:69:Infinity":24,"f:60:15:60:16":4,"s:61:58:61:Infinity":25,"s:62:4:67:Infinity":26,"b:63:6:65:Infinity:undefined:undefined:undefined:undefined":4,"s:63:6:65:Infinity":27,"s:64:8:64:Infinity":28,"s:66:6:66:Infinity":29,"s:68:4:68:Infinity":30,"s:71:2:71:Infinity":31,"s:73:2:80:Infinity":32,"s:74:23:74:Infinity":33,"s:75:4:79:Infinity":34,"b:78:23:78:40:78:40:78:Infinity":5,"s:82:43:86:Infinity":35,"s:88:33:96:Infinity":36,"f:89:9:89:10":5,"s:90:6:94:Infinity":37,"s:98:2:98:Infinity":38}}}
,"/home/runner/work/jsonormalize/jsonormalize/src/create-relational-structure/create-relational-table.ts": {"path":"/home/runner/work/jsonormalize/jsonormalize/src/create-relational-structure/create-relational-table.ts","statementMap":{"0":{"start":{"line":6,"column":2},"end":{"line":6,"column":null}}},"fnMap":{"0":{"name":"createRelationalTable","decl":{"start":{"line":3,"column":16},"end":{"line":3,"column":null}},"loc":{"start":{"line":5,"column":5},"end":{"line":7,"column":null}},"line":5}},"branchMap":{},"s":{"0":2},"f":{"0":2},"b":{},"meta":{"lastBranch":0,"lastFunction":1,"lastStatement":1,"seen":{"f:3:16:3:Infinity":0,"s:6:2:6:Infinity":0}}}
,"/home/runner/work/jsonormalize/jsonormalize/src/create-relational-structure/get-foreign-keys.ts": {"path":"/home/runner/work/jsonormalize/jsonormalize/src/create-relational-structure/get-foreign-keys.ts","statementMap":{"0":{"start":{"line":4,"column":2},"end":{"line":11,"column":null}},"1":{"start":{"line":5,"column":23},"end":{"line":5,"column":38}},"2":{"start":{"line":7,"column":43},"end":{"line":10,"column":null}}},"fnMap":{"0":{"name":"getForeignKeys","decl":{"start":{"line":3,"column":16},"end":{"line":3,"column":31}},"loc":{"start":{"line":3,"column":69},"end":{"line":12,"column":null}},"line":3},"1":{"name":"(anonymous_1)","decl":{"start":{"line":5,"column":12},"end":{"line":5,"column":13}},"loc":{"start":{"line":5,"column":23},"end":{"line":5,"column":38}},"line":5},"2":{"name":"(anonymous_2)","decl":{"start":{"line":7,"column":6},"end":{"line":7,"column":7}},"loc":{"start":{"line":7,"column":43},"end":{"line":10,"column":null}},"line":7}},"branchMap":{},"s":{"0":25,"1":55,"2":9},"f":{"0":25,"1":55,"2":9},"b":{},"meta":{"lastBranch":0,"lastFunction":3,"lastStatement":3,"seen":{"f:3:16:3:31":0,"s:4:2:11:Infinity":0,"f:5:12:5:13":1,"s:5:23:5:38":1,"f:7:6:7:7":2,"s:7:43:10:Infinity":2}}}
,"/home/runner/work/jsonormalize/jsonormalize/src/create-relational-structure/get-is-nullable.ts": {"path":"/home/runner/work/jsonormalize/jsonormalize/src/create-relational-structure/get-is-nullable.ts","statementMap":{"0":{"start":{"line":7,"column":2},"end":{"line":7,"column":null}}},"fnMap":{"0":{"name":"getIsNullable","decl":{"start":{"line":3,"column":16},"end":{"line":3,"column":null}},"loc":{"start":{"line":6,"column":11},"end":{"line":8,"column":null}},"line":6}},"branchMap":{"0":{"loc":{"start":{"line":7,"column":9},"end":{"line":7,"column":null}},"type":"binary-expr","locations":[{"start":{"line":7,"column":9},"end":{"line":7,"column":27}},{"start":{"line":7,"column":27},"end":{"line":7,"column":45}},{"start":{"line":7,"column":45},"end":{"line":7,"column":null}}],"line":7}},"s":{"0":174},"f":{"0":174},"b":{"0":[174,167,163]},"meta":{"lastBranch":1,"lastFunction":1,"lastStatement":1,"seen":{"f:3:16:3:Infinity":0,"s:7:2:7:Infinity":0,"b:7:9:7:27:7:27:7:45:7:45:7:Infinity":0}}}
,"/home/runner/work/jsonormalize/jsonormalize/src/create-relational-structure/get-primary-keys.ts": {"path":"/home/runner/work/jsonormalize/jsonormalize/src/create-relational-structure/get-primary-keys.ts","statementMap":{"0":{"start":{"line":4,"column":2},"end":{"line":6,"column":null}},"1":{"start":{"line":5,"column":23},"end":{"line":5,"column":41}},"2":{"start":{"line":6,"column":22},"end":{"line":6,"column":25}}},"fnMap":{"0":{"name":"getPrimaryKeys","decl":{"start":{"line":3,"column":16},"end":{"line":3,"column":31}},"loc":{"start":{"line":3,"column":65},"end":{"line":7,"column":null}},"line":3},"1":{"name":"(anonymous_1)","decl":{"start":{"line":5,"column":12},"end":{"line":5,"column":13}},"loc":{"start":{"line":5,"column":23},"end":{"line":5,"column":41}},"line":5},"2":{"name":"(anonymous_2)","decl":{"start":{"line":6,"column":9},"end":{"line":6,"column":10}},"loc":{"start":{"line":6,"column":22},"end":{"line":6,"column":25}},"line":6}},"branchMap":{},"s":{"0":24,"1":52,"2":24},"f":{"0":24,"1":52,"2":24},"b":{},"meta":{"lastBranch":0,"lastFunction":3,"lastStatement":3,"seen":{"f:3:16:3:31":0,"s:4:2:6:Infinity":0,"f:5:12:5:13":1,"s:5:23:5:41":1,"f:6:9:6:10":2,"s:6:22:6:25":2}}}
,"/home/runner/work/jsonormalize/jsonormalize/src/create-relational-structure/get-type.ts": {"path":"/home/runner/work/jsonormalize/jsonormalize/src/create-relational-structure/get-type.ts","statementMap":{"0":{"start":{"line":10,"column":2},"end":{"line":27,"column":null}},"1":{"start":{"line":12,"column":6},"end":{"line":16,"column":null}},"2":{"start":{"line":13,"column":8},"end":{"line":13,"column":null}},"3":{"start":{"line":15,"column":8},"end":{"line":15,"column":null}},"4":{"start":{"line":19,"column":6},"end":{"line":19,"column":null}},"5":{"start":{"line":22,"column":6},"end":{"line":22,"column":null}},"6":{"start":{"line":25,"column":6},"end":{"line":25,"column":null}}},"fnMap":{"0":{"name":"getType","decl":{"start":{"line":6,"column":16},"end":{"line":6,"column":null}},"loc":{"start":{"line":9,"column":13},"end":{"line":28,"column":null}},"line":9}},"branchMap":{"0":{"loc":{"start":{"line":10,"column":2},"end":{"line":27,"column":null}},"type":"switch","locations":[{"start":{"line":11,"column":4},"end":{"line":17,"column":null}},{"start":{"line":18,"column":4},"end":{"line":20,"column":null}},{"start":{"line":21,"column":4},"end":{"line":23,"column":null}},{"start":{"line":24,"column":4},"end":{"line":26,"column":null}}],"line":10},"1":{"loc":{"start":{"line":12,"column":6},"end":{"line":16,"column":null}},"type":"if","locations":[{"start":{"line":12,"column":6},"end":{"line":16,"column":null}},{"start":{"line":14,"column":13},"end":{"line":16,"column":null}}],"line":12},"2":{"loc":{"start":{"line":12,"column":10},"end":{"line":12,"column":58}},"type":"binary-expr","locations":[{"start":{"line":12,"column":10},"end":{"line":12,"column":33}},{"start":{"line":12,"column":33},"end":{"line":12,"column":58}}],"line":12}},"s":{"0":174,"1":114,"2":106,"3":8,"4":24,"5":26,"6":10},"f":{"0":174},"b":{"0":[114,24,26,10],"1":[106,8],"2":[114,110]},"meta":{"lastBranch":3,"lastFunction":1,"lastStatement":7,"seen":{"f:6:16:6:Infinity":0,"b:11:4:17:Infinity:18:4:20:Infinity:21:4:23:Infinity:24:4:26:Infinity":0,"s:10:2:27:Infinity":0,"b:12:6:16:Infinity:14:13:16:Infinity":1,"s:12:6:16:Infinity":1,"b:12:10:12:33:12:33:12:58":2,"s:13:8:13:Infinity":2,"s:15:8:15:Infinity":3,"s:19:6:19:Infinity":4,"s:22:6:22:Infinity":5,"s:25:6:25:Infinity":6}}}
,"/home/runner/work/jsonormalize/jsonormalize/src/create-relational-structure/index.ts": {"path":"/home/runner/work/jsonormalize/jsonormalize/src/create-relational-structure/index.ts","statementMap":{},"fnMap":{},"branchMap":{},"s":{},"f":{},"b":{},"meta":{"lastBranch":0,"lastFunction":0,"lastStatement":0,"seen":{}}}
,"/home/runner/work/jsonormalize/jsonormalize/src/normalize/index.ts": {"path":"/home/runner/work/jsonormalize/jsonormalize/src/normalize/index.ts","statementMap":{},"fnMap":{},"branchMap":{},"s":{},"f":{},"b":{},"meta":{"lastBranch":0,"lastFunction":0,"lastStatement":0,"seen":{}}}
,"/home/runner/work/jsonormalize/jsonormalize/src/normalize/normalize-array-of-arrays.ts": {"path":"/home/runner/work/jsonormalize/jsonormalize/src/normalize/normalize-array-of-arrays.ts","statementMap":{"0":{"start":{"line":4,"column":2},"end":{"line":19,"column":null}},"1":{"start":{"line":5,"column":4},"end":{"line":9,"column":null}},"2":{"start":{"line":6,"column":6},"end":{"line":6,"column":null}},"3":{"start":{"line":6,"column":34},"end":{"line":6,"column":77}},"4":{"start":{"line":8,"column":6},"end":{"line":8,"column":null}},"5":{"start":{"line":8,"column":32},"end":{"line":8,"column":62}},"6":{"start":{"line":10,"column":2},"end":{"line":19,"column":null}},"7":{"start":{"line":11,"column":4},"end":{"line":16,"column":null}},"8":{"start":{"line":12,"column":49},"end":{"line":15,"column":7}},"9":{"start":{"line":18,"column":4},"end":{"line":18,"column":null}}},"fnMap":{"0":{"name":"normalizePrimitiveArrays","decl":{"start":{"line":3,"column":16},"end":{"line":3,"column":41}},"loc":{"start":{"line":3,"column":57},"end":{"line":20,"column":null}},"line":3},"1":{"name":"(anonymous_1)","decl":{"start":{"line":6,"column":22},"end":{"line":6,"column":23}},"loc":{"start":{"line":6,"column":34},"end":{"line":6,"column":77}},"line":6},"2":{"name":"(anonymous_2)","decl":{"start":{"line":8,"column":22},"end":{"line":8,"column":23}},"loc":{"start":{"line":8,"column":32},"end":{"line":8,"column":62}},"line":8},"3":{"name":"(anonymous_3)","decl":{"start":{"line":12,"column":31},"end":{"line":12,"column":32}},"loc":{"start":{"line":12,"column":49},"end":{"line":15,"column":7}},"line":12}},"branchMap":{"0":{"loc":{"start":{"line":4,"column":2},"end":{"line":19,"column":null}},"type":"if","locations":[{"start":{"line":4,"column":2},"end":{"line":19,"column":null}},{"start":{"line":10,"column":2},"end":{"line":19,"column":null}}],"line":4},"1":{"loc":{"start":{"line":5,"column":4},"end":{"line":9,"column":null}},"type":"if","locations":[{"start":{"line":5,"column":4},"end":{"line":9,"column":null}},{"start":{"line":7,"column":11},"end":{"line":9,"column":null}}],"line":5},"2":{"loc":{"start":{"line":10,"column":2},"end":{"line":19,"column":null}},"type":"if","locations":[{"start":{"line":10,"column":2},"end":{"line":19,"column":null}},{"start":{"line":17,"column":9},"end":{"line":19,"column":null}}],"line":10}},"s":{"0":264,"1":49,"2":2,"3":2,"4":47,"5":90,"6":215,"7":103,"8":140,"9":112},"f":{"0":264,"1":2,"2":90,"3":140},"b":{"0":[49,215],"1":[2,47],"2":[103,112]},"meta":{"lastBranch":3,"lastFunction":4,"lastStatement":10,"seen":{"f:3:16:3:41":0,"b:4:2:19:Infinity:10:2:19:Infinity":0,"s:4:2:19:Infinity":0,"b:5:4:9:Infinity:7:11:9:Infinity":1,"s:5:4:9:Infinity":1,"s:6:6:6:Infinity":2,"f:6:22:6:23":1,"s:6:34:6:77":3,"s:8:6:8:Infinity":4,"f:8:22:8:23":2,"s:8:32:8:62":5,"b:10:2:19:Infinity:17:9:19:Infinity":2,"s:10:2:19:Infinity":6,"s:11:4:16:Infinity":7,"f:12:31:12:32":3,"s:12:49:15:7":8,"s:18:4:18:Infinity":9}}}
,"/home/runner/work/jsonormalize/jsonormalize/src/normalize/normalize-array-of-primitives.ts": {"path":"/home/runner/work/jsonormalize/jsonormalize/src/normalize/normalize-array-of-primitives.ts","statementMap":{"0":{"start":{"line":4,"column":2},"end":{"line":19,"column":null}},"1":{"start":{"line":5,"column":4},"end":{"line":9,"column":null}},"2":{"start":{"line":6,"column":6},"end":{"line":6,"column":null}},"3":{"start":{"line":6,"column":34},"end":{"line":6,"column":44}},"4":{"start":{"line":8,"column":6},"end":{"line":8,"column":null}},"5":{"start":{"line":8,"column":32},"end":{"line":8,"column":64}},"6":{"start":{"line":10,"column":2},"end":{"line":19,"column":null}},"7":{"start":{"line":11,"column":4},"end":{"line":16,"column":null}},"8":{"start":{"line":12,"column":49},"end":{"line":15,"column":7}},"9":{"start":{"line":18,"column":4},"end":{"line":18,"column":null}}},"fnMap":{"0":{"name":"normalizeArrayOfPrimitives","decl":{"start":{"line":3,"column":16},"end":{"line":3,"column":43}},"loc":{"start":{"line":3,"column":59},"end":{"line":20,"column":null}},"line":3},"1":{"name":"(anonymous_1)","decl":{"start":{"line":6,"column":22},"end":{"line":6,"column":23}},"loc":{"start":{"line":6,"column":34},"end":{"line":6,"column":44}},"line":6},"2":{"name":"(anonymous_2)","decl":{"start":{"line":8,"column":22},"end":{"line":8,"column":23}},"loc":{"start":{"line":8,"column":32},"end":{"line":8,"column":64}},"line":8},"3":{"name":"(anonymous_3)","decl":{"start":{"line":12,"column":31},"end":{"line":12,"column":32}},"loc":{"start":{"line":12,"column":49},"end":{"line":15,"column":7}},"line":12}},"branchMap":{"0":{"loc":{"start":{"line":4,"column":2},"end":{"line":19,"column":null}},"type":"if","locations":[{"start":{"line":4,"column":2},"end":{"line":19,"column":null}},{"start":{"line":10,"column":2},"end":{"line":19,"column":null}}],"line":4},"1":{"loc":{"start":{"line":5,"column":4},"end":{"line":9,"column":null}},"type":"if","locations":[{"start":{"line":5,"column":4},"end":{"line":9,"column":null}},{"start":{"line":7,"column":11},"end":{"line":9,"column":null}}],"line":5},"2":{"loc":{"start":{"line":10,"column":2},"end":{"line":19,"column":null}},"type":"if","locations":[{"start":{"line":10,"column":2},"end":{"line":19,"column":null}},{"start":{"line":17,"column":9},"end":{"line":19,"column":null}}],"line":10}},"s":{"0":208,"1":49,"2":10,"3":28,"4":39,"5":64,"6":159,"7":75,"8":112,"9":84},"f":{"0":208,"1":28,"2":64,"3":112},"b":{"0":[49,159],"1":[10,39],"2":[75,84]},"meta":{"lastBranch":3,"lastFunction":4,"lastStatement":10,"seen":{"f:3:16:3:43":0,"b:4:2:19:Infinity:10:2:19:Infinity":0,"s:4:2:19:Infinity":0,"b:5:4:9:Infinity:7:11:9:Infinity":1,"s:5:4:9:Infinity":1,"s:6:6:6:Infinity":2,"f:6:22:6:23":1,"s:6:34:6:44":3,"s:8:6:8:Infinity":4,"f:8:22:8:23":2,"s:8:32:8:64":5,"b:10:2:19:Infinity:17:9:19:Infinity":2,"s:10:2:19:Infinity":6,"s:11:4:16:Infinity":7,"f:12:31:12:32":3,"s:12:49:15:7":8,"s:18:4:18:Infinity":9}}}
,"/home/runner/work/jsonormalize/jsonormalize/src/normalize/normalize-deep-objects.ts": {"path":"/home/runner/work/jsonormalize/jsonormalize/src/normalize/normalize-deep-objects.ts","statementMap":{"0":{"start":{"line":8,"column":2},"end":{"line":26,"column":null}},"1":{"start":{"line":9,"column":4},"end":{"line":9,"column":null}},"2":{"start":{"line":9,"column":29},"end":{"line":9,"column":55}},"3":{"start":{"line":10,"column":2},"end":{"line":26,"column":null}},"4":{"start":{"line":11,"column":4},"end":{"line":22,"column":null}},"5":{"start":{"line":12,"column":12},"end":{"line":12,"column":null}},"6":{"start":{"line":14,"column":20},"end":{"line":14,"column":null}},"7":{"start":{"line":15,"column":6},"end":{"line":21,"column":null}},"8":{"start":{"line":16,"column":8},"end":{"line":16,"column":null}},"9":{"start":{"line":16,"column":42},"end":{"line":16,"column":68}},"10":{"start":{"line":17,"column":6},"end":{"line":21,"column":null}},"11":{"start":{"line":18,"column":8},"end":{"line":18,"column":null}},"12":{"start":{"line":20,"column":8},"end":{"line":20,"column":null}},"13":{"start":{"line":23,"column":4},"end":{"line":23,"column":null}},"14":{"start":{"line":25,"column":4},"end":{"line":25,"column":null}}},"fnMap":{"0":{"name":"normalizeDeepObjects","decl":{"start":{"line":3,"column":16},"end":{"line":3,"column":null}},"loc":{"start":{"line":7,"column":7},"end":{"line":27,"column":null}},"line":7},"1":{"name":"(anonymous_1)","decl":{"start":{"line":9,"column":19},"end":{"line":9,"column":20}},"loc":{"start":{"line":9,"column":29},"end":{"line":9,"column":55}},"line":9},"2":{"name":"(anonymous_2)","decl":{"start":{"line":16,"column":32},"end":{"line":16,"column":33}},"loc":{"start":{"line":16,"column":42},"end":{"line":16,"column":68}},"line":16}},"branchMap":{"0":{"loc":{"start":{"line":5,"column":2},"end":{"line":5,"column":null}},"type":"default-arg","locations":[{"start":{"line":5,"column":31},"end":{"line":5,"column":null}}],"line":5},"1":{"loc":{"start":{"line":6,"column":2},"end":{"line":6,"column":null}},"type":"default-arg","locations":[{"start":{"line":6,"column":13},"end":{"line":6,"column":null}}],"line":6},"2":{"loc":{"start":{"line":8,"column":2},"end":{"line":26,"column":null}},"type":"if","locations":[{"start":{"line":8,"column":2},"end":{"line":26,"column":null}},{"start":{"line":10,"column":2},"end":{"line":26,"column":null}}],"line":8},"3":{"loc":{"start":{"line":10,"column":2},"end":{"line":26,"column":null}},"type":"if","locations":[{"start":{"line":10,"column":2},"end":{"line":26,"column":null}},{"start":{"line":24,"column":9},"end":{"line":26,"column":null}}],"line":10},"4":{"loc":{"start":{"line":10,"column":13},"end":{"line":10,"column":54}},"type":"binary-expr","locations":[{"start":{"line":10,"column":13},"end":{"line":10,"column":40}},{"start":{"line":10,"column":40},"end":{"line":10,"column":54}}],"line":10},"5":{"loc":{"start":{"line":12,"column":31},"end":{"line":12,"column":70}},"type":"cond-expr","locations":[{"start":{"line":12,"column":43},"end":{"line":12,"column":67}},{"start":{"line":12,"column":67},"end":{"line":12,"column":70}}],"line":12},"6":{"loc":{"start":{"line":15,"column":6},"end":{"line":21,"column":null}},"type":"if","locations":[{"start":{"line":15,"column":6},"end":{"line":21,"column":null}},{"start":{"line":17,"column":6},"end":{"line":21,"column":null}}],"line":15},"7":{"loc":{"start":{"line":17,"column":6},"end":{"line":21,"column":null}},"type":"if","locations":[{"start":{"line":17,"column":6},"end":{"line":21,"column":null}},{"start":{"line":19,"column":13},"end":{"line":21,"column":null}}],"line":17},"8":{"loc":{"start":{"line":17,"column":17},"end":{"line":17,"column":62}},"type":"binary-expr","locations":[{"start":{"line":17,"column":17},"end":{"line":17,"column":46}},{"start":{"line":17,"column":46},"end":{"line":17,"column":62}}],"line":17}},"s":{"0":160,"1":30,"2":58,"3":130,"4":124,"5":165,"6":165,"7":165,"8":26,"9":45,"10":139,"11":18,"12":121,"13":124,"14":6},"f":{"0":160,"1":58,"2":45},"b":{"0":[160],"1":[160],"2":[30,130],"3":[124,6],"4":[130,125],"5":[28,137],"6":[26,139],"7":[18,121],"8":[139,28]},"meta":{"lastBranch":9,"lastFunction":3,"lastStatement":15,"seen":{"f:3:16:3:Infinity":0,"b:5:31:5:Infinity":0,"b:6:13:6:Infinity":1,"b:8:2:26:Infinity:10:2:26:Infinity":2,"s:8:2:26:Infinity":0,"s:9:4:9:Infinity":1,"f:9:19:9:20":1,"s:9:29:9:55":2,"b:10:2:26:Infinity:24:9:26:Infinity":3,"s:10:2:26:Infinity":3,"b:10:13:10:40:10:40:10:54":4,"s:11:4:22:Infinity":4,"s:12:12:12:Infinity":5,"b:12:43:12:67:12:67:12:70":5,"s:14:20:14:Infinity":6,"b:15:6:21:Infinity:17:6:21:Infinity":6,"s:15:6:21:Infinity":7,"s:16:8:16:Infinity":8,"f:16:32:16:33":2,"s:16:42:16:68":9,"b:17:6:21:Infinity:19:13:21:Infinity":7,"s:17:6:21:Infinity":10,"b:17:17:17:46:17:46:17:62":8,"s:18:8:18:Infinity":11,"s:20:8:20:Infinity":12,"s:23:4:23:Infinity":13,"s:25:4:25:Infinity":14}}}
,"/home/runner/work/jsonormalize/jsonormalize/src/normalize/normalize-dictionaries.ts": {"path":"/home/runner/work/jsonormalize/jsonormalize/src/normalize/normalize-dictionaries.ts","statementMap":{"0":{"start":{"line":5,"column":2},"end":{"line":39,"column":null}},"1":{"start":{"line":6,"column":4},"end":{"line":6,"column":null}},"2":{"start":{"line":7,"column":2},"end":{"line":39,"column":null}},"3":{"start":{"line":8,"column":18},"end":{"line":14,"column":null}},"4":{"start":{"line":11,"column":29},"end":{"line":11,"column":43}},"5":{"start":{"line":12,"column":26},"end":{"line":12,"column":38}},"6":{"start":{"line":16,"column":4},"end":{"line":34,"column":null}},"7":{"start":{"line":17,"column":6},"end":{"line":20,"column":null}},"8":{"start":{"line":17,"column":72},"end":{"line":20,"column":8}},"9":{"start":{"line":22,"column":22},"end":{"line":24,"column":null}},"10":{"start":{"line":23,"column":28},"end":{"line":23,"column":51}},"11":{"start":{"line":25,"column":6},"end":{"line":33,"column":null}},"12":{"start":{"line":25,"column":57},"end":{"line":33,"column":8}},"13":{"start":{"line":35,"column":2},"end":{"line":39,"column":null}},"14":{"start":{"line":36,"column":4},"end":{"line":36,"column":null}},"15":{"start":{"line":38,"column":4},"end":{"line":38,"column":null}}},"fnMap":{"0":{"name":"normalizeDictionaries","decl":{"start":{"line":4,"column":16},"end":{"line":4,"column":38}},"loc":{"start":{"line":4,"column":65},"end":{"line":40,"column":null}},"line":4},"1":{"name":"(anonymous_1)","decl":{"start":{"line":11,"column":18},"end":{"line":11,"column":19}},"loc":{"start":{"line":11,"column":29},"end":{"line":11,"column":43}},"line":11},"2":{"name":"(anonymous_2)","decl":{"start":{"line":12,"column":15},"end":{"line":12,"column":16}},"loc":{"start":{"line":12,"column":26},"end":{"line":12,"column":38}},"line":12},"3":{"name":"(anonymous_3)","decl":{"start":{"line":17,"column":38},"end":{"line":17,"column":39}},"loc":{"start":{"line":17,"column":72},"end":{"line":20,"column":8}},"line":17},"4":{"name":"(anonymous_4)","decl":{"start":{"line":23,"column":18},"end":{"line":23,"column":19}},"loc":{"start":{"line":23,"column":28},"end":{"line":23,"column":51}},"line":23},"5":{"name":"(anonymous_5)","decl":{"start":{"line":25,"column":38},"end":{"line":25,"column":39}},"loc":{"start":{"line":25,"column":57},"end":{"line":33,"column":8}},"line":25}},"branchMap":{"0":{"loc":{"start":{"line":5,"column":2},"end":{"line":39,"column":null}},"type":"if","locations":[{"start":{"line":5,"column":2},"end":{"line":39,"column":null}},{"start":{"line":7,"column":2},"end":{"line":39,"column":null}}],"line":5},"1":{"loc":{"start":{"line":7,"column":2},"end":{"line":39,"column":null}},"type":"if","locations":[{"start":{"line":7,"column":2},"end":{"line":39,"column":null}},{"start":{"line":35,"column":2},"end":{"line":39,"column":null}}],"line":7},"2":{"loc":{"start":{"line":16,"column":4},"end":{"line":34,"column":null}},"type":"if","locations":[{"start":{"line":16,"column":4},"end":{"line":34,"column":null}},{"start":{"line":21,"column":11},"end":{"line":34,"column":null}}],"line":16},"3":{"loc":{"start":{"line":28,"column":12},"end":{"line":32,"column":null}},"type":"cond-expr","locations":[{"start":{"line":29,"column":12},"end":{"line":29,"column":null}},{"start":{"line":30,"column":12},"end":{"line":32,"column":null}}],"line":28},"4":{"loc":{"start":{"line":35,"column":2},"end":{"line":39,"column":null}},"type":"if","locations":[{"start":{"line":35,"column":2},"end":{"line":39,"column":null}},{"start":{"line":37,"column":9},"end":{"line":39,"column":null}}],"line":35}},"s":{"0":32,"1":27,"2":5,"3":5,"4":16,"5":12,"6":5,"7":4,"8":12,"9":1,"10":3,"11":1,"12":4,"13":0,"14":0,"15":0},"f":{"0":32,"1":16,"2":12,"3":12,"4":3,"5":4},"b":{"0":[27,5],"1":[5,0],"2":[4,1],"3":[1,3],"4":[0,0]},"meta":{"lastBranch":5,"lastFunction":6,"lastStatement":16,"seen":{"f:4:16:4:38":0,"b:5:2:39:Infinity:7:2:39:Infinity":0,"s:5:2:39:Infinity":0,"s:6:4:6:Infinity":1,"b:7:2:39:Infinity:35:2:39:Infinity":1,"s:7:2:39:Infinity":2,"s:8:18:14:Infinity":3,"f:11:18:11:19":1,"s:11:29:11:43":4,"f:12:15:12:16":2,"s:12:26:12:38":5,"b:16:4:34:Infinity:21:11:34:Infinity":2,"s:16:4:34:Infinity":6,"s:17:6:20:Infinity":7,"f:17:38:17:39":3,"s:17:72:20:8":8,"s:22:22:24:Infinity":9,"f:23:18:23:19":4,"s:23:28:23:51":10,"s:25:6:33:Infinity":11,"f:25:38:25:39":5,"s:25:57:33:8":12,"b:29:12:29:Infinity:30:12:32:Infinity":3,"b:35:2:39:Infinity:37:9:39:Infinity":4,"s:35:2:39:Infinity":13,"s:36:4:36:Infinity":14,"s:38:4:38:Infinity":15}}}
,"/home/runner/work/jsonormalize/jsonormalize/src/normalize/normalize-localization.ts": {"path":"/home/runner/work/jsonormalize/jsonormalize/src/normalize/normalize-localization.ts","statementMap":{"0":{"start":{"line":4,"column":2},"end":{"line":19,"column":null}},"1":{"start":{"line":5,"column":4},"end":{"line":5,"column":null}},"2":{"start":{"line":5,"column":30},"end":{"line":5,"column":57}},"3":{"start":{"line":6,"column":2},"end":{"line":19,"column":null}},"4":{"start":{"line":7,"column":4},"end":{"line":16,"column":null}},"5":{"start":{"line":8,"column":6},"end":{"line":8,"column":null}},"6":{"start":{"line":8,"column":57},"end":{"line":8,"column":72}},"7":{"start":{"line":10,"column":6},"end":{"line":15,"column":null}},"8":{"start":{"line":11,"column":51},"end":{"line":14,"column":9}},"9":{"start":{"line":18,"column":4},"end":{"line":18,"column":null}}},"fnMap":{"0":{"name":"normalizeLocalization","decl":{"start":{"line":3,"column":16},"end":{"line":3,"column":38}},"loc":{"start":{"line":3,"column":54},"end":{"line":20,"column":null}},"line":3},"1":{"name":"(anonymous_1)","decl":{"start":{"line":5,"column":20},"end":{"line":5,"column":21}},"loc":{"start":{"line":5,"column":30},"end":{"line":5,"column":57}},"line":5},"2":{"name":"(anonymous_2)","decl":{"start":{"line":8,"column":38},"end":{"line":8,"column":39}},"loc":{"start":{"line":8,"column":57},"end":{"line":8,"column":72}},"line":8},"3":{"name":"(anonymous_3)","decl":{"start":{"line":11,"column":33},"end":{"line":11,"column":34}},"loc":{"start":{"line":11,"column":51},"end":{"line":14,"column":9}},"line":11}},"branchMap":{"0":{"loc":{"start":{"line":4,"column":2},"end":{"line":19,"column":null}},"type":"if","locations":[{"start":{"line":4,"column":2},"end":{"line":19,"column":null}},{"start":{"line":6,"column":2},"end":{"line":19,"column":null}}],"line":4},"1":{"loc":{"start":{"line":6,"column":2},"end":{"line":19,"column":null}},"type":"if","locations":[{"start":{"line":6,"column":2},"end":{"line":19,"column":null}},{"start":{"line":17,"column":9},"end":{"line":19,"column":null}}],"line":6},"2":{"loc":{"start":{"line":7,"column":4},"end":{"line":16,"column":null}},"type":"if","locations":[{"start":{"line":7,"column":4},"end":{"line":16,"column":null}},{"start":{"line":9,"column":11},"end":{"line":16,"column":null}}],"line":7}},"s":{"0":227,"1":48,"2":89,"3":179,"4":73,"5":1,"6":3,"7":72,"8":106,"9":106},"f":{"0":227,"1":89,"2":3,"3":106},"b":{"0":[48,179],"1":[73,106],"2":[1,72]},"meta":{"lastBranch":3,"lastFunction":4,"lastStatement":10,"seen":{"f:3:16:3:38":0,"b:4:2:19:Infinity:6:2:19:Infinity":0,"s:4:2:19:Infinity":0,"s:5:4:5:Infinity":1,"f:5:20:5:21":1,"s:5:30:5:57":2,"b:6:2:19:Infinity:17:9:19:Infinity":1,"s:6:2:19:Infinity":3,"b:7:4:16:Infinity:9:11:16:Infinity":2,"s:7:4:16:Infinity":4,"s:8:6:8:Infinity":5,"f:8:38:8:39":2,"s:8:57:8:72":6,"s:10:6:15:Infinity":7,"f:11:33:11:34":3,"s:11:51:14:9":8,"s:18:4:18:Infinity":9}}}
,"/home/runner/work/jsonormalize/jsonormalize/src/normalize/normalize.ts": {"path":"/home/runner/work/jsonormalize/jsonormalize/src/normalize/normalize.ts","statementMap":{"0":{"start":{"line":9,"column":2},"end":{"line":21,"column":null}}},"fnMap":{"0":{"name":"normalize","decl":{"start":{"line":8,"column":16},"end":{"line":8,"column":26}},"loc":{"start":{"line":8,"column":57},"end":{"line":22,"column":null}},"line":8}},"branchMap":{},"s":{"0":32},"f":{"0":32},"b":{},"meta":{"lastBranch":0,"lastFunction":1,"lastStatement":1,"seen":{"f:8:16:8:26":0,"s:9:2:21:Infinity":0}}}
,"/home/runner/work/jsonormalize/jsonormalize/src/sqlite/create-data-migration.ts": {"path":"/home/runner/work/jsonormalize/jsonormalize/src/sqlite/create-data-migration.ts","statementMap":{"0":{"start":{"line":7,"column":2},"end":{"line":21,"column":null}},"1":{"start":{"line":8,"column":23},"end":{"line":8,"column":44}},"2":{"start":{"line":10,"column":19},"end":{"line":10,"column":null}},"3":{"start":{"line":10,"column":49},"end":{"line":10,"column":52}},"4":{"start":{"line":11,"column":6},"end":{"line":19,"column":null}},"5":{"start":{"line":15,"column":27},"end":{"line":15,"column":null}},"6":{"start":{"line":15,"column":45},"end":{"line":15,"column":53}},"7":{"start":{"line":16,"column":12},"end":{"line":16,"column":null}},"8":{"start":{"line":16,"column":37},"end":{"line":16,"column":65}}},"fnMap":{"0":{"name":"createDataMigration","decl":{"start":{"line":6,"column":16},"end":{"line":6,"column":36}},"loc":{"start":{"line":6,"column":63},"end":{"line":22,"column":null}},"line":6},"1":{"name":"(anonymous_1)","decl":{"start":{"line":8,"column":12},"end":{"line":8,"column":13}},"loc":{"start":{"line":8,"column":23},"end":{"line":8,"column":44}},"line":8},"2":{"name":"(anonymous_2)","decl":{"start":{"line":9,"column":9},"end":{"line":9,"column":10}},"loc":{"start":{"line":9,"column":20},"end":{"line":20,"column":5}},"line":9},"3":{"name":"(anonymous_3)","decl":{"start":{"line":10,"column":36},"end":{"line":10,"column":37}},"loc":{"start":{"line":10,"column":49},"end":{"line":10,"column":52}},"line":10},"4":{"name":"(anonymous_4)","decl":{"start":{"line":14,"column":15},"end":{"line":14,"column":16}},"loc":{"start":{"line":14,"column":24},"end":{"line":17,"column":11}},"line":14},"5":{"name":"(anonymous_5)","decl":{"start":{"line":15,"column":36},"end":{"line":15,"column":37}},"loc":{"start":{"line":15,"column":45},"end":{"line":15,"column":53}},"line":15},"6":{"name":"(anonymous_6)","decl":{"start":{"line":16,"column":36},"end":{"line":16,"column":37}},"loc":{"start":{"line":16,"column":37},"end":{"line":16,"column":65}},"line":16}},"branchMap":{},"s":{"0":16,"1":24,"2":20,"3":46,"4":20,"5":50,"6":120,"7":50,"8":120},"f":{"0":16,"1":24,"2":20,"3":46,"4":50,"5":120,"6":120},"b":{},"meta":{"lastBranch":0,"lastFunction":7,"lastStatement":9,"seen":{"f:6:16:6:36":0,"s:7:2:21:Infinity":0,"f:8:12:8:13":1,"s:8:23:8:44":1,"f:9:9:9:10":2,"s:10:19:10:Infinity":2,"f:10:36:10:37":3,"s:10:49:10:52":3,"s:11:6:19:Infinity":4,"f:14:15:14:16":4,"s:15:27:15:Infinity":5,"f:15:36:15:37":5,"s:15:45:15:53":6,"s:16:12:16:Infinity":7,"f:16:36:16:37":6,"s:16:37:16:65":8}}}
,"/home/runner/work/jsonormalize/jsonormalize/src/sqlite/create-initial-migration.ts": {"path":"/home/runner/work/jsonormalize/jsonormalize/src/sqlite/create-initial-migration.ts","statementMap":{"0":{"start":{"line":8,"column":2},"end":{"line":33,"column":null}},"1":{"start":{"line":10,"column":12},"end":{"line":10,"column":null}},"2":{"start":{"line":11,"column":6},"end":{"line":31,"column":null}},"3":{"start":{"line":16,"column":14},"end":{"line":16,"column":null}},"4":{"start":{"line":22,"column":18},"end":{"line":22,"column":null}},"5":{"start":{"line":29,"column":12},"end":{"line":29,"column":null}}},"fnMap":{"0":{"name":"createInitialMigration","decl":{"start":{"line":7,"column":16},"end":{"line":7,"column":39}},"loc":{"start":{"line":7,"column":74},"end":{"line":34,"column":null}},"line":7},"1":{"name":"(anonymous_1)","decl":{"start":{"line":9,"column":9},"end":{"line":9,"column":10}},"loc":{"start":{"line":9,"column":20},"end":{"line":32,"column":5}},"line":9},"2":{"name":"(anonymous_2)","decl":{"start":{"line":15,"column":12},"end":{"line":15,"column":13}},"loc":{"start":{"line":16,"column":14},"end":{"line":16,"column":null}},"line":16},"3":{"name":"(anonymous_3)","decl":{"start":{"line":21,"column":16},"end":{"line":21,"column":17}},"loc":{"start":{"line":22,"column":18},"end":{"line":22,"column":null}},"line":22},"4":{"name":"(anonymous_4)","decl":{"start":{"line":28,"column":10},"end":{"line":28,"column":11}},"loc":{"start":{"line":29,"column":12},"end":{"line":29,"column":null}},"line":29}},"branchMap":{"0":{"loc":{"start":{"line":16,"column":54},"end":{"line":16,"column":89}},"type":"cond-expr","locations":[{"start":{"line":16,"column":73},"end":{"line":16,"column":78}},{"start":{"line":16,"column":78},"end":{"line":16,"column":89}}],"line":16},"1":{"loc":{"start":{"line":19,"column":14},"end":{"line":24,"column":null}},"type":"cond-expr","locations":[{"start":{"line":20,"column":14},"end":{"line":23,"column":null}},{"start":{"line":24,"column":14},"end":{"line":24,"column":null}}],"line":19}},"s":{"0":16,"1":24,"2":24,"3":52,"4":8,"5":8},"f":{"0":16,"1":24,"2":52,"3":8,"4":8},"b":{"0":[6,46],"1":[8,16]},"meta":{"lastBranch":2,"lastFunction":5,"lastStatement":6,"seen":{"f:7:16:7:39":0,"s:8:2:33:Infinity":0,"f:9:9:9:10":1,"s:10:12:10:Infinity":1,"s:11:6:31:Infinity":2,"f:15:12:15:13":2,"s:16:14:16:Infinity":3,"b:16:73:16:78:16:78:16:89":0,"b:20:14:23:Infinity:24:14:24:Infinity":1,"f:21:16:21:17":3,"s:22:18:22:Infinity":4,"f:28:10:28:11":4,"s:29:12:29:Infinity":5}}}
,"/home/runner/work/jsonormalize/jsonormalize/src/sqlite/create-migrations.ts": {"path":"/home/runner/work/jsonormalize/jsonormalize/src/sqlite/create-migrations.ts","statementMap":{"0":{"start":{"line":13,"column":8},"end":{"line":13,"column":null}},"1":{"start":{"line":15,"column":2},"end":{"line":18,"column":null}}},"fnMap":{"0":{"name":"createMigrations","decl":{"start":{"line":6,"column":16},"end":{"line":6,"column":33}},"loc":{"start":{"line":12,"column":3},"end":{"line":19,"column":null}},"line":12}},"branchMap":{},"s":{"0":8,"1":8},"f":{"0":8},"b":{},"meta":{"lastBranch":0,"lastFunction":1,"lastStatement":2,"seen":{"f:6:16:6:33":0,"s:13:8:13:Infinity":0,"s:15:2:18:Infinity":1}}}
,"/home/runner/work/jsonormalize/jsonormalize/src/sqlite/escape-value.ts": {"path":"/home/runner/work/jsonormalize/jsonormalize/src/sqlite/escape-value.ts","statementMap":{"0":{"start":{"line":4,"column":2},"end":{"line":6,"column":null}},"1":{"start":{"line":5,"column":4},"end":{"line":5,"column":null}},"2":{"start":{"line":7,"column":2},"end":{"line":17,"column":null}},"3":{"start":{"line":9,"column":6},"end":{"line":9,"column":null}},"4":{"start":{"line":12,"column":6},"end":{"line":12,"column":null}},"5":{"start":{"line":15,"column":6},"end":{"line":15,"column":null}}},"fnMap":{"0":{"name":"escapeValue","decl":{"start":{"line":3,"column":16},"end":{"line":3,"column":28}},"loc":{"start":{"line":3,"column":72},"end":{"line":18,"column":null}},"line":3}},"branchMap":{"0":{"loc":{"start":{"line":4,"column":2},"end":{"line":6,"column":null}},"type":"if","locations":[{"start":{"line":4,"column":2},"end":{"line":6,"column":null}},{"start":{},"end":{}}],"line":4},"1":{"loc":{"start":{"line":4,"column":6},"end":{"line":4,"column":45}},"type":"binary-expr","locations":[{"start":{"line":4,"column":6},"end":{"line":4,"column":24}},{"start":{"line":4,"column":24},"end":{"line":4,"column":45}}],"line":4},"2":{"loc":{"start":{"line":7,"column":2},"end":{"line":17,"column":null}},"type":"switch","locations":[{"start":{"line":8,"column":4},"end":{"line":10,"column":null}},{"start":{"line":11,"column":4},"end":{"line":13,"column":null}},{"start":{"line":14,"column":4},"end":{"line":16,"column":null}}],"line":7}},"s":{"0":120,"1":6,"2":114,"3":4,"4":14,"5":96},"f":{"0":120},"b":{"0":[6,114],"1":[120,118],"2":[114,14,96]},"meta":{"lastBranch":3,"lastFunction":1,"lastStatement":6,"seen":{"f:3:16:3:28":0,"b:4:2:6:Infinity:undefined:undefined:undefined:undefined":0,"s:4:2:6:Infinity":0,"b:4:6:4:24:4:24:4:45":1,"s:5:4:5:Infinity":1,"b:8:4:10:Infinity:11:4:13:Infinity:14:4:16:Infinity":2,"s:7:2:17:Infinity":2,"s:9:6:9:Infinity":3,"s:12:6:12:Infinity":4,"s:15:6:15:Infinity":5}}}
,"/home/runner/work/jsonormalize/jsonormalize/src/sqlite/get-field-type.ts": {"path":"/home/runner/work/jsonormalize/jsonormalize/src/sqlite/get-field-type.ts","statementMap":{"0":{"start":{"line":4,"column":2},"end":{"line":15,"column":null}},"1":{"start":{"line":7,"column":6},"end":{"line":7,"column":null}},"2":{"start":{"line":10,"column":6},"end":{"line":10,"column":null}},"3":{"start":{"line":13,"column":6},"end":{"line":13,"column":null}}},"fnMap":{"0":{"name":"getFieldType","decl":{"start":{"line":3,"column":16},"end":{"line":3,"column":29}},"loc":{"start":{"line":3,"column":43},"end":{"line":16,"column":null}},"line":3}},"branchMap":{"0":{"loc":{"start":{"line":4,"column":2},"end":{"line":15,"column":null}},"type":"switch","locations":[{"start":{"line":5,"column":4},"end":{"line":5,"column":null}},{"start":{"line":6,"column":4},"end":{"line":8,"column":null}},{"start":{"line":9,"column":4},"end":{"line":11,"column":null}},{"start":{"line":12,"column":4},"end":{"line":14,"column":null}}],"line":4}},"s":{"0":52,"1":40,"2":2,"3":10},"f":{"0":52},"b":{"0":[2,40,2,10]},"meta":{"lastBranch":1,"lastFunction":1,"lastStatement":4,"seen":{"f:3:16:3:29":0,"b:5:4:5:Infinity:6:4:8:Infinity:9:4:11:Infinity:12:4:14:Infinity":0,"s:4:2:15:Infinity":0,"s:7:6:7:Infinity":1,"s:10:6:10:Infinity":2,"s:13:6:13:Infinity":3}}}
,"/home/runner/work/jsonormalize/jsonormalize/src/sqlite/setup-tables.ts": {"path":"/home/runner/work/jsonormalize/jsonormalize/src/sqlite/setup-tables.ts","statementMap":{"0":{"start":{"line":15,"column":42},"end":{"line":18,"column":null}},"1":{"start":{"line":20,"column":13},"end":{"line":20,"column":null}},"2":{"start":{"line":22,"column":8},"end":{"line":22,"column":null}},"3":{"start":{"line":23,"column":8},"end":{"line":23,"column":null}},"4":{"start":{"line":25,"column":2},"end":{"line":25,"column":null}},"5":{"start":{"line":27,"column":2},"end":{"line":27,"column":null}},"6":{"start":{"line":29,"column":2},"end":{"line":29,"column":null}}},"fnMap":{"0":{"name":"setupTables","decl":{"start":{"line":6,"column":22},"end":{"line":6,"column":34}},"loc":{"start":{"line":14,"column":3},"end":{"line":30,"column":null}},"line":14}},"branchMap":{"0":{"loc":{"start":{"line":7,"column":2},"end":{"line":7,"column":null}},"type":"default-arg","locations":[{"start":{"line":7,"column":9},"end":{"line":7,"column":null}}],"line":7}},"s":{"0":8,"1":8,"2":8,"3":8,"4":8,"5":8,"6":8},"f":{"0":8},"b":{"0":[8]},"meta":{"lastBranch":1,"lastFunction":1,"lastStatement":7,"seen":{"f:6:22:6:34":0,"b:7:9:7:Infinity":0,"s:15:42:18:Infinity":0,"s:20:13:20:Infinity":1,"s:22:8:22:Infinity":2,"s:23:8:23:Infinity":3,"s:25:2:25:Infinity":4,"s:27:2:27:Infinity":5,"s:29:2:29:Infinity":6}}}
,"/home/runner/work/jsonormalize/jsonormalize/src/utils/index.ts": {"path":"/home/runner/work/jsonormalize/jsonormalize/src/utils/index.ts","statementMap":{},"fnMap":{},"branchMap":{},"s":{},"f":{},"b":{},"meta":{"lastBranch":0,"lastFunction":0,"lastStatement":0,"seen":{}}}
,"/home/runner/work/jsonormalize/jsonormalize/src/utils/is-array-of-arrays.ts": {"path":"/home/runner/work/jsonormalize/jsonormalize/src/utils/is-array-of-arrays.ts","statementMap":{"0":{"start":{"line":2,"column":2},"end":{"line":4,"column":null}},"1":{"start":{"line":3,"column":4},"end":{"line":3,"column":null}},"2":{"start":{"line":5,"column":2},"end":{"line":5,"column":null}},"3":{"start":{"line":5,"column":29},"end":{"line":5,"column":48}}},"fnMap":{"0":{"name":"isArrayOfArrays","decl":{"start":{"line":1,"column":16},"end":{"line":1,"column":32}},"loc":{"start":{"line":1,"column":68},"end":{"line":6,"column":null}},"line":1},"1":{"name":"(anonymous_1)","decl":{"start":{"line":5,"column":19},"end":{"line":5,"column":20}},"loc":{"start":{"line":5,"column":29},"end":{"line":5,"column":48}},"line":5}},"branchMap":{"0":{"loc":{"start":{"line":2,"column":2},"end":{"line":4,"column":null}},"type":"if","locations":[{"start":{"line":2,"column":2},"end":{"line":4,"column":null}},{"start":{},"end":{}}],"line":2}},"s":{"0":49,"1":7,"2":42,"3":42},"f":{"0":49,"1":42},"b":{"0":[7,42]},"meta":{"lastBranch":1,"lastFunction":2,"lastStatement":4,"seen":{"f:1:16:1:32":0,"b:2:2:4:Infinity:undefined:undefined:undefined:undefined":0,"s:2:2:4:Infinity":0,"s:3:4:3:Infinity":1,"s:5:2:5:Infinity":2,"f:5:19:5:20":1,"s:5:29:5:48":3}}}
,"/home/runner/work/jsonormalize/jsonormalize/src/utils/is-array-of-primitives.ts": {"path":"/home/runner/work/jsonormalize/jsonormalize/src/utils/is-array-of-primitives.ts","statementMap":{"0":{"start":{"line":1,"column":20},"end":{"line":1,"column":null}},"1":{"start":{"line":4,"column":27},"end":{"line":4,"column":null}},"2":{"start":{"line":4,"column":46},"end":{"line":4,"column":59}},"3":{"start":{"line":5,"column":31},"end":{"line":5,"column":null}},"4":{"start":{"line":7,"column":2},"end":{"line":9,"column":null}},"5":{"start":{"line":8,"column":4},"end":{"line":8,"column":null}},"6":{"start":{"line":11,"column":2},"end":{"line":13,"column":null}},"7":{"start":{"line":12,"column":14},"end":{"line":12,"column":null}}},"fnMap":{"0":{"name":"isArrayOfPrimitives","decl":{"start":{"line":3,"column":16},"end":{"line":3,"column":36}},"loc":{"start":{"line":3,"column":69},"end":{"line":14,"column":null}},"line":3},"1":{"name":"(anonymous_1)","decl":{"start":{"line":4,"column":36},"end":{"line":4,"column":37}},"loc":{"start":{"line":4,"column":46},"end":{"line":4,"column":59}},"line":4},"2":{"name":"(anonymous_2)","decl":{"start":{"line":12,"column":4},"end":{"line":12,"column":5}},"loc":{"start":{"line":12,"column":14},"end":{"line":12,"column":null}},"line":12}},"branchMap":{"0":{"loc":{"start":{"line":7,"column":2},"end":{"line":9,"column":null}},"type":"if","locations":[{"start":{"line":7,"column":2},"end":{"line":9,"column":null}},{"start":{},"end":{}}],"line":7},"1":{"loc":{"start":{"line":12,"column":14},"end":{"line":12,"column":null}},"type":"binary-expr","locations":[{"start":{"line":12,"column":14},"end":{"line":12,"column":31}},{"start":{"line":12,"column":31},"end":{"line":12,"column":null}}],"line":12}},"s":{"0":5,"1":49,"2":43,"3":49,"4":49,"5":39,"6":10,"7":28},"f":{"0":49,"1":43,"2":28},"b":{"0":[39,10],"1":[28,25]},"meta":{"lastBranch":2,"lastFunction":3,"lastStatement":8,"seen":{"s:1:20:1:Infinity":0,"f:3:16:3:36":0,"s:4:27:4:Infinity":1,"f:4:36:4:37":1,"s:4:46:4:59":2,"s:5:31:5:Infinity":3,"b:7:2:9:Infinity:undefined:undefined:undefined:undefined":0,"s:7:2:9:Infinity":4,"s:8:4:8:Infinity":5,"s:11:2:13:Infinity":6,"f:12:4:12:5":2,"s:12:14:12:Infinity":7,"b:12:14:12:31:12:31:12:Infinity":1}}}
,"/home/runner/work/jsonormalize/jsonormalize/src/utils/is-dictionary.ts": {"path":"/home/runner/work/jsonormalize/jsonormalize/src/utils/is-dictionary.ts","statementMap":{"0":{"start":{"line":1,"column":20},"end":{"line":1,"column":null}},"1":{"start":{"line":4,"column":2},"end":{"line":8,"column":null}},"2":{"start":{"line":7,"column":17},"end":{"line":7,"column":null}}},"fnMap":{"0":{"name":"isDictionary","decl":{"start":{"line":3,"column":16},"end":{"line":3,"column":29}},"loc":{"start":{"line":3,"column":40},"end":{"line":10,"column":null}},"line":3},"1":{"name":"(anonymous_1)","decl":{"start":{"line":7,"column":6},"end":{"line":7,"column":7}},"loc":{"start":{"line":7,"column":17},"end":{"line":7,"column":null}},"line":7}},"branchMap":{"0":{"loc":{"start":{"line":5,"column":4},"end":{"line":8,"column":null}},"type":"binary-expr","locations":[{"start":{"line":5,"column":4},"end":{"line":5,"column":null}},{"start":{"line":6,"column":4},"end":{"line":8,"column":null}}],"line":5},"1":{"loc":{"start":{"line":7,"column":17},"end":{"line":7,"column":null}},"type":"binary-expr","locations":[{"start":{"line":7,"column":17},"end":{"line":7,"column":35}},{"start":{"line":7,"column":35},"end":{"line":7,"column":null}}],"line":7}},"s":{"0":5,"1":5,"2":16},"f":{"0":5,"1":16},"b":{"0":[5,5],"1":[16,12]},"meta":{"lastBranch":2,"lastFunction":2,"lastStatement":3,"seen":{"s:1:20:1:Infinity":0,"f:3:16:3:29":0,"s:4:2:8:Infinity":1,"b:5:4:5:Infinity:6:4:8:Infinity":0,"f:7:6:7:7":1,"s:7:17:7:Infinity":2,"b:7:17:7:35:7:35:7:Infinity":1}}}
,"/home/runner/work/jsonormalize/jsonormalize/src/utils/is-localization-object.ts": {"path":"/home/runner/work/jsonormalize/jsonormalize/src/utils/is-localization-object.ts","statementMap":{"0":{"start":{"line":2,"column":2},"end":{"line":2,"column":null}}},"fnMap":{"0":{"name":"isLocalizationObject","decl":{"start":{"line":1,"column":16},"end":{"line":1,"column":37}},"loc":{"start":{"line":1,"column":67},"end":{"line":3,"column":null}},"line":1}},"branchMap":{"0":{"loc":{"start":{"line":2,"column":9},"end":{"line":2,"column":null}},"type":"binary-expr","locations":[{"start":{"line":2,"column":9},"end":{"line":2,"column":24}},{"start":{"line":2,"column":24},"end":{"line":2,"column":null}}],"line":2}},"s":{"0":73},"f":{"0":73},"b":{"0":[73,1]},"meta":{"lastBranch":1,"lastFunction":1,"lastStatement":1,"seen":{"f:1:16:1:37":0,"s:2:2:2:Infinity":0,"b:2:9:2:24:2:24:2:Infinity":0}}}
,"/home/runner/work/jsonormalize/jsonormalize/src/utils/is-url.ts": {"path":"/home/runner/work/jsonormalize/jsonormalize/src/utils/is-url.ts","statementMap":{"0":{"start":{"line":24,"column":17},"end":{"line":27,"column":null}},"1":{"start":{"line":30,"column":2},"end":{"line":30,"column":null}}},"fnMap":{"0":{"name":"isURL","decl":{"start":{"line":29,"column":16},"end":{"line":29,"column":22}},"loc":{"start":{"line":29,"column":35},"end":{"line":31,"column":null}},"line":29}},"branchMap":{"0":{"loc":{"start":{"line":30,"column":9},"end":{"line":30,"column":null}},"type":"binary-expr","locations":[{"start":{"line":30,"column":9},"end":{"line":30,"column":30}},{"start":{"line":30,"column":30},"end":{"line":30,"column":null}}],"line":30}},"s":{"0":5,"1":0},"f":{"0":0},"b":{"0":[0,0]},"meta":{"lastBranch":1,"lastFunction":1,"lastStatement":2,"seen":{"s:24:17:27:Infinity":0,"f:29:16:29:22":0,"s:30:2:30:Infinity":1,"b:30:9:30:30:30:30:30:Infinity":0}}}
,"/home/runner/work/jsonormalize/jsonormalize/src/utils/snake-case.ts": {"path":"/home/runner/work/jsonormalize/jsonormalize/src/utils/snake-case.ts","statementMap":{"0":{"start":{"line":2,"column":2},"end":{"line":15,"column":null}}},"fnMap":{"0":{"name":"snakeCase","decl":{"start":{"line":1,"column":16},"end":{"line":1,"column":26}},"loc":{"start":{"line":1,"column":39},"end":{"line":17,"column":null}},"line":1}},"branchMap":{},"s":{"0":189},"f":{"0":189},"b":{},"meta":{"lastBranch":0,"lastFunction":1,"lastStatement":1,"seen":{"f:1:16:1:26":0,"s:2:2:15:Infinity":0}}}
}
