TN:
SF:src/create-relational-structure/create-foreign-key.ts
FN:3,createForeignKey
FNF:1
FNH:1
FNDA:18,createForeignKey
DA:7,18
LF:1
LH:1
BRF:0
BRH:0
end_of_record
TN:
SF:src/create-relational-structure/create-relational-structure.ts
FN:7,createRelationalStructure
FN:31,(anonymous_1)
FN:33,(anonymous_2)
FN:41,(anonymous_3)
FN:60,(anonymous_4)
FN:89,(anonymous_5)
FNF:6
FNH:6
FNDA:48,createRelationalStructure
FNDA:117,(anonymous_1)
FNDA:117,(anonymous_2)
FNDA:55,(anonymous_3)
FNDA:117,(anonymous_4)
FNDA:17,(anonymous_5)
DA:12,48
DA:13,48
DA:14,48
DA:15,48
DA:16,48
DA:18,48
DA:23,48
DA:24,17
DA:31,117
DA:33,48
DA:34,117
DA:35,204
DA:36,204
DA:37,30
DA:38,17
DA:40,30
DA:41,30
DA:42,55
DA:45,174
DA:46,174
DA:48,10
DA:49,0
DA:52,174
DA:60,48
DA:61,117
DA:62,117
DA:63,198
DA:64,30
DA:66,168
DA:68,117
DA:71,48
DA:73,48
DA:74,39
DA:75,39
DA:82,48
DA:88,48
DA:90,17
DA:98,48
LF:38
LH:37
BRDA:23,0,0,17
BRDA:23,0,1,31
BRDA:36,1,0,30
BRDA:36,1,1,174
BRDA:37,2,0,17
BRDA:37,2,1,13
BRDA:48,3,0,0
BRDA:48,3,1,10
BRDA:63,4,0,30
BRDA:63,4,1,168
BRDA:78,5,0,10
BRDA:78,5,1,29
BRF:12
BRH:11
end_of_record
TN:
SF:src/create-relational-structure/create-relational-table.ts
FN:3,createRelationalTable
FNF:1
FNH:1
FNDA:2,createRelationalTable
DA:6,2
LF:1
LH:1
BRF:0
BRH:0
end_of_record
TN:
SF:src/create-relational-structure/get-foreign-keys.ts
FN:3,getForeignKeys
FN:5,(anonymous_1)
FN:7,(anonymous_2)
FNF:3
FNH:3
FNDA:25,getForeignKeys
FNDA:55,(anonymous_1)
FNDA:9,(anonymous_2)
DA:4,25
DA:5,55
DA:7,9
LF:3
LH:3
BRF:0
BRH:0
end_of_record
TN:
SF:src/create-relational-structure/get-is-nullable.ts
FN:3,getIsNullable
FNF:1
FNH:1
FNDA:174,getIsNullable
DA:7,174
LF:1
LH:1
BRDA:7,0,0,174
BRDA:7,0,1,167
BRDA:7,0,2,163
BRF:3
BRH:3
end_of_record
TN:
SF:src/create-relational-structure/get-primary-keys.ts
FN:3,getPrimaryKeys
FN:5,(anonymous_1)
FN:6,(anonymous_2)
FNF:3
FNH:3
FNDA:24,getPrimaryKeys
FNDA:52,(anonymous_1)
FNDA:24,(anonymous_2)
DA:4,24
DA:5,52
DA:6,24
LF:3
LH:3
BRF:0
BRH:0
end_of_record
TN:
SF:src/create-relational-structure/get-type.ts
FN:6,getType
FNF:1
FNH:1
FNDA:174,getType
DA:10,174
DA:12,114
DA:13,106
DA:15,8
DA:19,24
DA:22,26
DA:25,10
LF:7
LH:7
BRDA:10,0,0,114
BRDA:10,0,1,24
BRDA:10,0,2,26
BRDA:10,0,3,10
BRDA:12,1,0,106
BRDA:12,1,1,8
BRDA:12,2,0,114
BRDA:12,2,1,110
BRF:8
BRH:8
end_of_record
TN:
SF:src/create-relational-structure/index.ts
FNF:0
FNH:0
LF:0
LH:0
BRF:0
BRH:0
end_of_record
TN:
SF:src/normalize/index.ts
FNF:0
FNH:0
LF:0
LH:0
BRF:0
BRH:0
end_of_record
TN:
SF:src/normalize/normalize-array-of-arrays.ts
FN:3,normalizePrimitiveArrays
FN:6,(anonymous_1)
FN:8,(anonymous_2)
FN:12,(anonymous_3)
FNF:4
FNH:4
FNDA:264,normalizePrimitiveArrays
FNDA:2,(anonymous_1)
FNDA:90,(anonymous_2)
FNDA:140,(anonymous_3)
DA:4,264
DA:5,49
DA:6,2
DA:8,90
DA:10,215
DA:11,103
DA:12,140
DA:18,112
LF:8
LH:8
BRDA:4,0,0,49
BRDA:4,0,1,215
BRDA:5,1,0,2
BRDA:5,1,1,47
BRDA:10,2,0,103
BRDA:10,2,1,112
BRF:6
BRH:6
end_of_record
TN:
SF:src/normalize/normalize-array-of-primitives.ts
FN:3,normalizeArrayOfPrimitives
FN:6,(anonymous_1)
FN:8,(anonymous_2)
FN:12,(anonymous_3)
FNF:4
FNH:4
FNDA:208,normalizeArrayOfPrimitives
FNDA:28,(anonymous_1)
FNDA:64,(anonymous_2)
FNDA:112,(anonymous_3)
DA:4,208
DA:5,49
DA:6,28
DA:8,64
DA:10,159
DA:11,75
DA:12,112
DA:18,84
LF:8
LH:8
BRDA:4,0,0,49
BRDA:4,0,1,159
BRDA:5,1,0,10
BRDA:5,1,1,39
BRDA:10,2,0,75
BRDA:10,2,1,84
BRF:6
BRH:6
end_of_record
TN:
SF:src/normalize/normalize-deep-objects.ts
FN:3,normalizeDeepObjects
FN:9,(anonymous_1)
FN:16,(anonymous_2)
FNF:3
FNH:3
FNDA:160,normalizeDeepObjects
FNDA:58,(anonymous_1)
FNDA:45,(anonymous_2)
DA:8,160
DA:9,58
DA:10,130
DA:11,124
DA:12,165
DA:14,165
DA:15,165
DA:16,45
DA:17,139
DA:18,18
DA:20,121
DA:23,124
DA:25,6
LF:13
LH:13
BRDA:5,0,0,160
BRDA:6,1,0,160
BRDA:8,2,0,30
BRDA:8,2,1,130
BRDA:10,3,0,124
BRDA:10,3,1,6
BRDA:10,4,0,130
BRDA:10,4,1,125
BRDA:12,5,0,28
BRDA:12,5,1,137
BRDA:15,6,0,26
BRDA:15,6,1,139
BRDA:17,7,0,18
BRDA:17,7,1,121
BRDA:17,8,0,139
BRDA:17,8,1,28
BRF:16
BRH:16
end_of_record
TN:
SF:src/normalize/normalize-dictionaries.ts
FN:4,normalizeDictionaries
FN:11,(anonymous_1)
FN:12,(anonymous_2)
FN:17,(anonymous_3)
FN:23,(anonymous_4)
FN:25,(anonymous_5)
FNF:6
FNH:6
FNDA:32,normalizeDictionaries
FNDA:16,(anonymous_1)
FNDA:12,(anonymous_2)
FNDA:12,(anonymous_3)
FNDA:3,(anonymous_4)
FNDA:4,(anonymous_5)
DA:5,32
DA:6,27
DA:7,5
DA:8,5
DA:11,16
DA:12,12
DA:16,5
DA:17,12
DA:22,1
DA:23,3
DA:25,4
DA:35,0
DA:36,0
DA:38,0
LF:14
LH:11
BRDA:5,0,0,27
BRDA:5,0,1,5
BRDA:7,1,0,5
BRDA:7,1,1,0
BRDA:16,2,0,4
BRDA:16,2,1,1
BRDA:28,3,0,1
BRDA:28,3,1,3
BRDA:35,4,0,0
BRDA:35,4,1,0
BRF:10
BRH:7
end_of_record
TN:
SF:src/normalize/normalize-localization.ts
FN:3,normalizeLocalization
FN:5,(anonymous_1)
FN:8,(anonymous_2)
FN:11,(anonymous_3)
FNF:4
FNH:4
FNDA:227,normalizeLocalization
FNDA:89,(anonymous_1)
FNDA:3,(anonymous_2)
FNDA:106,(anonymous_3)
DA:4,227
DA:5,89
DA:6,179
DA:7,73
DA:8,3
DA:10,72
DA:11,106
DA:18,106
LF:8
LH:8
BRDA:4,0,0,48
BRDA:4,0,1,179
BRDA:6,1,0,73
BRDA:6,1,1,106
BRDA:7,2,0,1
BRDA:7,2,1,72
BRF:6
BRH:6
end_of_record
TN:
SF:src/normalize/normalize.ts
FN:8,normalize
FNF:1
FNH:1
FNDA:32,normalize
DA:9,32
LF:1
LH:1
BRF:0
BRH:0
end_of_record
TN:
SF:src/sqlite/create-data-migration.ts
FN:6,createDataMigration
FN:8,(anonymous_1)
FN:9,(anonymous_2)
FN:10,(anonymous_3)
FN:14,(anonymous_4)
FN:15,(anonymous_5)
FN:16,(anonymous_6)
FNF:7
FNH:7
FNDA:16,createDataMigration
FNDA:24,(anonymous_1)
FNDA:20,(anonymous_2)
FNDA:46,(anonymous_3)
FNDA:50,(anonymous_4)
FNDA:120,(anonymous_5)
FNDA:120,(anonymous_6)
DA:7,16
DA:8,24
DA:10,46
DA:11,20
DA:15,120
DA:16,120
LF:6
LH:6
BRF:0
BRH:0
end_of_record
TN:
SF:src/sqlite/create-initial-migration.ts
FN:7,createInitialMigration
FN:9,(anonymous_1)
FN:15,(anonymous_2)
FN:21,(anonymous_3)
FN:28,(anonymous_4)
FNF:5
FNH:5
FNDA:16,createInitialMigration
FNDA:24,(anonymous_1)
FNDA:52,(anonymous_2)
FNDA:8,(anonymous_3)
FNDA:8,(anonymous_4)
DA:8,16
DA:10,24
DA:11,24
DA:16,52
DA:22,8
DA:29,8
LF:6
LH:6
BRDA:16,0,0,6
BRDA:16,0,1,46
BRDA:19,1,0,8
BRDA:19,1,1,16
BRF:4
BRH:4
end_of_record
TN:
SF:src/sqlite/create-migrations.ts
FN:6,createMigrations
FNF:1
FNH:1
FNDA:8,createMigrations
DA:13,8
DA:15,8
LF:2
LH:2
BRF:0
BRH:0
end_of_record
TN:
SF:src/sqlite/escape-value.ts
FN:3,escapeValue
FNF:1
FNH:1
FNDA:120,escapeValue
DA:4,120
DA:5,6
DA:7,114
DA:9,4
DA:12,14
DA:15,96
LF:6
LH:6
BRDA:4,0,0,6
BRDA:4,0,1,114
BRDA:4,1,0,120
BRDA:4,1,1,118
BRDA:7,2,0,114
BRDA:7,2,1,14
BRDA:7,2,2,96
BRF:7
BRH:7
end_of_record
TN:
SF:src/sqlite/get-field-type.ts
FN:3,getFieldType
FNF:1
FNH:1
FNDA:52,getFieldType
DA:4,52
DA:7,40
DA:10,2
DA:13,10
LF:4
LH:4
BRDA:4,0,0,2
BRDA:4,0,1,40
BRDA:4,0,2,2
BRDA:4,0,3,10
BRF:4
BRH:4
end_of_record
TN:
SF:src/sqlite/setup-tables.ts
FN:6,setupTables
FNF:1
FNH:1
FNDA:8,setupTables
DA:15,8
DA:20,8
DA:22,8
DA:23,8
DA:25,8
DA:27,8
DA:29,8
LF:7
LH:7
BRDA:7,0,0,8
BRF:1
BRH:1
end_of_record
TN:
SF:src/utils/index.ts
FNF:0
FNH:0
LF:0
LH:0
BRF:0
BRH:0
end_of_record
TN:
SF:src/utils/is-array-of-arrays.ts
FN:1,isArrayOfArrays
FN:5,(anonymous_1)
FNF:2
FNH:2
FNDA:49,isArrayOfArrays
FNDA:42,(anonymous_1)
DA:2,49
DA:3,7
DA:5,42
LF:3
LH:3
BRDA:2,0,0,7
BRDA:2,0,1,42
BRF:2
BRH:2
end_of_record
TN:
SF:src/utils/is-array-of-primitives.ts
FN:3,isArrayOfPrimitives
FN:4,(anonymous_1)
FN:12,(anonymous_2)
FNF:3
FNH:3
FNDA:49,isArrayOfPrimitives
FNDA:43,(anonymous_1)
FNDA:28,(anonymous_2)
DA:1,5
DA:4,49
DA:5,49
DA:7,49
DA:8,39
DA:11,10
DA:12,28
LF:7
LH:7
BRDA:7,0,0,39
BRDA:7,0,1,10
BRDA:12,1,0,28
BRDA:12,1,1,25
BRF:4
BRH:4
end_of_record
TN:
SF:src/utils/is-dictionary.ts
FN:3,isDictionary
FN:7,(anonymous_1)
FNF:2
FNH:1
FNDA:5,isDictionary
FNDA:0,(anonymous_1)
DA:1,5
DA:4,5
DA:7,0
LF:3
LH:2
BRDA:5,0,0,5
BRDA:5,0,1,0
BRDA:7,1,0,0
BRDA:7,1,1,0
BRF:4
BRH:1
end_of_record
TN:
SF:src/utils/is-localization-object.ts
FN:1,isLocalizationObject
FNF:1
FNH:1
FNDA:73,isLocalizationObject
DA:2,73
LF:1
LH:1
BRDA:2,0,0,73
BRDA:2,0,1,1
BRF:2
BRH:2
end_of_record
TN:
SF:src/utils/is-url.ts
FN:29,isURL
FNF:1
FNH:0
FNDA:0,isURL
DA:24,5
DA:30,0
LF:2
LH:1
BRDA:30,0,0,0
BRDA:30,0,1,0
BRF:2
BRH:0
end_of_record
TN:
SF:src/utils/snake-case.ts
FN:1,snakeCase
FNF:1
FNH:1
FNDA:189,snakeCase
DA:2,189
LF:1
LH:1
BRF:0
BRH:0
end_of_record
