TN:
SF:src/create-relational-structure/create-foreign-key.ts
FN:3,createForeignKey
FNF:1
FNH:1
FNDA:19,createForeignKey
DA:7,19
LF:1
LH:1
BRF:0
BRH:0
end_of_record
TN:
SF:src/create-relational-structure/create-relational-structure.ts
FN:7,createRelationalStructure
FN:31,(anonymous_1)
FN:33,(anonymous_2)
FN:41,(anonymous_3)
FN:60,(anonymous_4)
FN:89,(anonymous_5)
FNF:6
FNH:6
FNDA:50,createRelationalStructure
FNDA:122,(anonymous_1)
FNDA:122,(anonymous_2)
FNDA:58,(anonymous_3)
FNDA:122,(anonymous_4)
FNDA:18,(anonymous_5)
DA:12,50
DA:13,50
DA:14,50
DA:15,50
DA:16,50
DA:18,50
DA:23,50
DA:24,18
DA:31,122
DA:33,50
DA:34,122
DA:35,214
DA:36,214
DA:37,32
DA:38,18
DA:40,32
DA:41,32
DA:42,58
DA:45,182
DA:46,182
DA:48,10
DA:49,0
DA:52,182
DA:60,50
DA:61,122
DA:62,122
DA:63,208
DA:64,32
DA:66,176
DA:68,122
DA:71,50
DA:73,50
DA:74,41
DA:75,41
DA:82,50
DA:88,50
DA:90,18
DA:98,50
LF:38
LH:37
BRDA:23,0,0,18
BRDA:23,0,1,32
BRDA:36,1,0,32
BRDA:36,1,1,182
BRDA:37,2,0,18
BRDA:37,2,1,14
BRDA:48,3,0,0
BRDA:48,3,1,10
BRDA:63,4,0,32
BRDA:63,4,1,176
BRDA:78,5,0,10
BRDA:78,5,1,31
BRF:12
BRH:11
end_of_record
TN:
SF:src/create-relational-structure/create-relational-table.ts
FN:3,createRelationalTable
FNF:1
FNH:1
FNDA:2,createRelationalTable
DA:6,2
LF:1
LH:1
BRF:0
BRH:0
end_of_record
TN:
SF:src/create-relational-structure/get-foreign-keys.ts
FN:3,getForeignKeys
FN:5,(anonymous_1)
FN:7,(anonymous_2)
FNF:3
FNH:3
FNDA:27,getForeignKeys
FNDA:60,(anonymous_1)
FNDA:10,(anonymous_2)
DA:4,27
DA:5,60
DA:7,10
LF:3
LH:3
BRF:0
BRH:0
end_of_record
TN:
SF:src/create-relational-structure/get-is-nullable.ts
FN:3,getIsNullable
FNF:1
FNH:1
FNDA:182,getIsNullable
DA:7,182
LF:1
LH:1
BRDA:7,0,0,182
BRDA:7,0,1,175
BRDA:7,0,2,171
BRF:3
BRH:3
end_of_record
TN:
SF:src/create-relational-structure/get-primary-keys.ts
FN:3,getPrimaryKeys
FN:5,(anonymous_1)
FN:6,(anonymous_2)
FNF:3
FNH:3
FNDA:26,getPrimaryKeys
FNDA:57,(anonymous_1)
FNDA:26,(anonymous_2)
DA:4,26
DA:5,57
DA:6,26
LF:3
LH:3
BRF:0
BRH:0
end_of_record
TN:
SF:src/create-relational-structure/get-type.ts
FN:6,getType
FNF:1
FNH:1
FNDA:182,getType
DA:10,182
DA:12,117
DA:13,109
DA:15,8
DA:19,29
DA:22,26
DA:25,10
LF:7
LH:7
BRDA:10,0,0,117
BRDA:10,0,1,29
BRDA:10,0,2,26
BRDA:10,0,3,10
BRDA:12,1,0,109
BRDA:12,1,1,8
BRDA:12,2,0,117
BRDA:12,2,1,113
BRF:8
BRH:8
end_of_record
TN:
SF:src/create-relational-structure/index.ts
FNF:0
FNH:0
LF:0
LH:0
BRF:0
BRH:0
end_of_record
TN:
SF:src/normalize/index.ts
FNF:0
FNH:0
LF:0
LH:0
BRF:0
BRH:0
end_of_record
TN:
SF:src/normalize/normalize-array-of-arrays.ts
FN:3,normalizePrimitiveArrays
FN:6,(anonymous_1)
FN:8,(anonymous_2)
FN:12,(anonymous_3)
FNF:4
FNH:4
FNDA:277,normalizePrimitiveArrays
FNDA:2,(anonymous_1)
FNDA:95,(anonymous_2)
FNDA:147,(anonymous_3)
DA:4,277
DA:5,52
DA:6,2
DA:8,95
DA:10,225
DA:11,108
DA:12,147
DA:18,117
LF:8
LH:8
BRDA:4,0,0,52
BRDA:4,0,1,225
BRDA:5,1,0,2
BRDA:5,1,1,50
BRDA:10,2,0,108
BRDA:10,2,1,117
BRF:6
BRH:6
end_of_record
TN:
SF:src/normalize/normalize-array-of-primitives.ts
FN:3,normalizeArrayOfPrimitives
FN:6,(anonymous_1)
FN:8,(anonymous_2)
FN:12,(anonymous_3)
FNF:4
FNH:4
FNDA:221,normalizeArrayOfPrimitives
FNDA:28,(anonymous_1)
FNDA:69,(anonymous_2)
FNDA:119,(anonymous_3)
DA:4,221
DA:5,52
DA:6,28
DA:8,69
DA:10,169
DA:11,80
DA:12,119
DA:18,89
LF:8
LH:8
BRDA:4,0,0,52
BRDA:4,0,1,169
BRDA:5,1,0,10
BRDA:5,1,1,42
BRDA:10,2,0,80
BRDA:10,2,1,89
BRF:6
BRH:6
end_of_record
TN:
SF:src/normalize/normalize-deep-objects.ts
FN:3,normalizeDeepObjects
FN:9,(anonymous_1)
FN:16,(anonymous_2)
FNF:3
FNH:3
FNDA:166,normalizeDeepObjects
FNDA:60,(anonymous_1)
FNDA:48,(anonymous_2)
DA:8,166
DA:9,60
DA:10,135
DA:11,129
DA:12,172
DA:14,172
DA:15,172
DA:16,48
DA:17,144
DA:18,18
DA:20,126
DA:23,129
DA:25,6
LF:13
LH:13
BRDA:5,0,0,166
BRDA:6,1,0,166
BRDA:8,2,0,31
BRDA:8,2,1,135
BRDA:10,3,0,129
BRDA:10,3,1,6
BRDA:10,4,0,135
BRDA:10,4,1,130
BRDA:12,5,0,28
BRDA:12,5,1,144
BRDA:15,6,0,28
BRDA:15,6,1,144
BRDA:17,7,0,18
BRDA:17,7,1,126
BRDA:17,8,0,144
BRDA:17,8,1,28
BRF:16
BRH:16
end_of_record
TN:
SF:src/normalize/normalize-dictionaries.ts
FN:4,normalizeDictionaries
FN:11,(anonymous_1)
FN:12,(anonymous_2)
FN:17,(anonymous_3)
FN:23,(anonymous_4)
FN:25,(anonymous_5)
FNF:6
FNH:6
FNDA:33,normalizeDictionaries
FNDA:16,(anonymous_1)
FNDA:12,(anonymous_2)
FNDA:12,(anonymous_3)
FNDA:3,(anonymous_4)
FNDA:4,(anonymous_5)
DA:5,33
DA:6,28
DA:7,5
DA:8,5
DA:11,16
DA:12,12
DA:16,5
DA:17,12
DA:22,1
DA:23,3
DA:25,4
DA:35,0
DA:36,0
DA:38,0
LF:14
LH:11
BRDA:5,0,0,28
BRDA:5,0,1,5
BRDA:7,1,0,5
BRDA:7,1,1,0
BRDA:16,2,0,4
BRDA:16,2,1,1
BRDA:28,3,0,1
BRDA:28,3,1,3
BRDA:35,4,0,0
BRDA:35,4,1,0
BRF:10
BRH:7
end_of_record
TN:
SF:src/normalize/normalize-localization.ts
FN:3,normalizeLocalization
FN:5,(anonymous_1)
FN:8,(anonymous_2)
FN:11,(anonymous_3)
FNF:4
FNH:4
FNDA:240,normalizeLocalization
FNDA:94,(anonymous_1)
FNDA:3,(anonymous_2)
FNDA:113,(anonymous_3)
DA:4,240
DA:5,94
DA:6,189
DA:7,78
DA:8,3
DA:10,77
DA:11,113
DA:18,111
LF:8
LH:8
BRDA:4,0,0,51
BRDA:4,0,1,189
BRDA:6,1,0,78
BRDA:6,1,1,111
BRDA:7,2,0,1
BRDA:7,2,1,77
BRF:6
BRH:6
end_of_record
TN:
SF:src/normalize/normalize.ts
FN:8,normalize
FNF:1
FNH:1
FNDA:33,normalize
DA:9,33
LF:1
LH:1
BRF:0
BRH:0
end_of_record
TN:
SF:src/postgres/create-initial-migration.ts
FN:8,createInitialMigration
FN:16,(anonymous_1)
FN:22,(anonymous_2)
FN:28,(anonymous_3)
FN:35,(anonymous_4)
FNF:5
FNH:5
FNDA:1,createInitialMigration
FNDA:2,(anonymous_1)
FNDA:5,(anonymous_2)
FNDA:1,(anonymous_3)
FNDA:1,(anonymous_4)
DA:15,1
DA:17,2
DA:18,2
DA:23,5
DA:29,1
DA:36,1
LF:6
LH:6
BRDA:23,0,0,0
BRDA:23,0,1,5
BRDA:26,1,0,1
BRDA:26,1,1,1
BRF:4
BRH:3
end_of_record
TN:
SF:src/postgres/get-field-type.ts
FN:3,getFieldType
FNF:1
FNH:1
FNDA:5,getFieldType
DA:4,5
DA:6,0
DA:9,3
DA:12,0
DA:15,2
LF:5
LH:3
BRDA:4,0,0,0
BRDA:4,0,1,3
BRDA:4,0,2,0
BRDA:4,0,3,2
BRF:4
BRH:2
end_of_record
TN:
SF:src/sqlite/create-data-migration.ts
FN:7,createDataMigration
FN:15,(anonymous_1)
FN:16,(anonymous_2)
FN:17,(anonymous_3)
FN:21,(anonymous_4)
FN:22,(anonymous_5)
FN:23,(anonymous_6)
FNF:7
FNH:7
FNDA:16,createDataMigration
FNDA:24,(anonymous_1)
FNDA:20,(anonymous_2)
FNDA:46,(anonymous_3)
FNDA:50,(anonymous_4)
FNDA:120,(anonymous_5)
FNDA:120,(anonymous_6)
DA:14,16
DA:15,24
DA:17,46
DA:18,20
DA:22,120
DA:23,120
LF:6
LH:6
BRF:0
BRH:0
end_of_record
TN:
SF:src/sqlite/create-initial-migration.ts
FN:8,createInitialMigration
FN:16,(anonymous_1)
FN:22,(anonymous_2)
FN:28,(anonymous_3)
FN:35,(anonymous_4)
FNF:5
FNH:5
FNDA:16,createInitialMigration
FNDA:24,(anonymous_1)
FNDA:52,(anonymous_2)
FNDA:8,(anonymous_3)
FNDA:8,(anonymous_4)
DA:15,16
DA:17,24
DA:18,24
DA:23,52
DA:29,8
DA:36,8
LF:6
LH:6
BRDA:23,0,0,6
BRDA:23,0,1,46
BRDA:26,1,0,8
BRDA:26,1,1,16
BRF:4
BRH:4
end_of_record
TN:
SF:src/sqlite/create-migrations.ts
FN:6,createMigrations
FNF:1
FNH:1
FNDA:8,createMigrations
DA:15,8
DA:17,8
LF:2
LH:2
BRF:0
BRH:0
end_of_record
TN:
SF:src/sqlite/escape-value.ts
FN:3,escapeValue
FNF:1
FNH:1
FNDA:120,escapeValue
DA:4,120
DA:5,6
DA:7,114
DA:9,4
DA:12,14
DA:15,96
LF:6
LH:6
BRDA:4,0,0,6
BRDA:4,0,1,114
BRDA:4,1,0,120
BRDA:4,1,1,118
BRDA:7,2,0,114
BRDA:7,2,1,14
BRDA:7,2,2,96
BRF:7
BRH:7
end_of_record
TN:
SF:src/sqlite/get-field-type.ts
FN:3,getFieldType
FNF:1
FNH:1
FNDA:52,getFieldType
DA:4,52
DA:7,40
DA:10,2
DA:13,10
LF:4
LH:4
BRDA:4,0,0,2
BRDA:4,0,1,40
BRDA:4,0,2,2
BRDA:4,0,3,10
BRF:4
BRH:4
end_of_record
TN:
SF:src/sqlite/setup-tables.ts
FN:6,setupTables
FNF:1
FNH:1
FNDA:8,setupTables
DA:16,8
DA:21,8
DA:23,8
DA:24,8
DA:26,8
DA:28,8
DA:30,8
LF:7
LH:7
BRDA:7,0,0,8
BRF:1
BRH:1
end_of_record
TN:
SF:src/utils/get-full-table-name.ts
FN:1,getFullTableName
FNF:1
FNH:1
FNDA:48,getFullTableName
DA:8,48
DA:9,4
DA:11,44
LF:3
LH:3
BRDA:8,0,0,4
BRDA:8,0,1,44
BRF:2
BRH:2
end_of_record
TN:
SF:src/utils/index.ts
FNF:0
FNH:0
LF:0
LH:0
BRF:0
BRH:0
end_of_record
TN:
SF:src/utils/is-array-of-arrays.ts
FN:1,isArrayOfArrays
FN:5,(anonymous_1)
FNF:2
FNH:2
FNDA:52,isArrayOfArrays
FNDA:45,(anonymous_1)
DA:2,52
DA:3,7
DA:5,45
LF:3
LH:3
BRDA:2,0,0,7
BRDA:2,0,1,45
BRF:2
BRH:2
end_of_record
TN:
SF:src/utils/is-array-of-primitives.ts
FN:3,isArrayOfPrimitives
FN:4,(anonymous_1)
FN:12,(anonymous_2)
FNF:3
FNH:3
FNDA:52,isArrayOfPrimitives
FNDA:46,(anonymous_1)
FNDA:28,(anonymous_2)
DA:1,6
DA:4,52
DA:5,52
DA:7,52
DA:8,42
DA:11,10
DA:12,28
LF:7
LH:7
BRDA:7,0,0,42
BRDA:7,0,1,10
BRDA:12,1,0,28
BRDA:12,1,1,25
BRF:4
BRH:4
end_of_record
TN:
SF:src/utils/is-dictionary.ts
FN:3,isDictionary
FN:7,(anonymous_1)
FNF:2
FNH:2
FNDA:5,isDictionary
FNDA:16,(anonymous_1)
DA:1,6
DA:4,5
DA:7,16
LF:3
LH:3
BRDA:5,0,0,5
BRDA:5,0,1,5
BRDA:7,1,0,16
BRDA:7,1,1,12
BRF:4
BRH:4
end_of_record
TN:
SF:src/utils/is-localization-object.ts
FN:1,isLocalizationObject
FNF:1
FNH:1
FNDA:78,isLocalizationObject
DA:2,78
LF:1
LH:1
BRDA:2,0,0,78
BRDA:2,0,1,1
BRF:2
BRH:2
end_of_record
TN:
SF:src/utils/is-url.ts
FN:29,isURL
FNF:1
FNH:0
FNDA:0,isURL
DA:24,6
DA:30,0
LF:2
LH:1
BRDA:30,0,0,0
BRDA:30,0,1,0
BRF:2
BRH:0
end_of_record
TN:
SF:src/utils/snake-case.ts
FN:1,snakeCase
FNF:1
FNH:1
FNDA:196,snakeCase
DA:2,196
LF:1
LH:1
BRF:0
BRH:0
end_of_record
